<?xml version="1.0" encoding="UTF-8"?>
<!-- Generated by org.testng.reporters.JUnitXMLReporter -->
<testsuite ignored="0" hostname="PT076LT" failures="2" tests="3" name="Default test" time="33.012" errors="0" timestamp="2024-04-25T19:29:42 IST">
  <testcase classname="io.cucumber.testng.AbstractTestNGCucumberTests" name="runScenario" time="21.827"/>
  <testcase classname="io.cucumber.testng.AbstractTestNGCucumberTests" name="runScenario" time="2.935">
    <failure type="java.lang.AssertionError" message="expected [Anchor Bracelet] but found [Blue Shoes]">
      <![CDATA[java.lang.AssertionError: expected [Anchor Bracelet] but found [Blue Shoes]
at org.testng.Assert.fail(Assert.java:110)
at org.testng.Assert.failNotEquals(Assert.java:1577)
at org.testng.Assert.assertEqualsImpl(Assert.java:149)
at org.testng.Assert.assertEquals(Assert.java:131)
at org.testng.Assert.assertEquals(Assert.java:655)
at org.testng.Assert.assertEquals(Assert.java:665)
at com.qapropsoft.carina.demo.gui.pages.desktop.CartPage.getProductNameTxt(CartPage.java:33)
at com.qapropsoft.carina.demo.gui.pages.desktop.CartPage.productGetTextName(CartPage.java:45)
at com.qapropsoft.carina.demo.addToCartStep.i_should_see_in_the_cart(addToCartStep.java:34)
at ✽.I should see 1 "Anchor Bracelet" in the cart(file:///C:/Users/amol.kumbhare/Downloads/CarinaFramework19April-main/src/test/resources/features/add_to_cart.feature:7)
]]>
    </failure>
  </testcase> <!-- runScenario -->
  <testcase classname="io.cucumber.testng.AbstractTestNGCucumberTests" name="runScenario" time="6.785">
    <failure type="org.openqa.selenium.ElementClickInterceptedException" message="element click intercepted: Element &amp;lt;button type=&amp;quot;submit&amp;quot; class=&amp;quot;button alt&amp;quot; name=&amp;quot;woocommerce_checkout_place_order&amp;quot; id=&amp;quot;place_order&amp;quot; value=&amp;quot;...&amp;quot; data-value=&amp;quot;Place order&amp;quot;&amp;gt;Place order&amp;lt;/button&amp;gt; is not clickable at point (1007, 190). Other element would receive the click: &amp;lt;div class=&amp;quot;blockUI blockOverlay&amp;quot; style=&amp;quot;z-index: 1000; border: none; margin: 0px; padding: 0px; width: 100%; height: 100%; top: 0px; left: 0px; background: rgb(255, 255, 255); opacity: 0.446586; cursor: default; position: absolute;&amp;quot;&amp;gt;&amp;lt;/div&amp;gt;
  (Session info: chrome=124.0.6367.62)
Build info: version: &amp;apos;4.7.0&amp;apos;, revision: &amp;apos;0a5b49d16f&amp;apos;
System info: os.name: &amp;apos;Windows 10&amp;apos;, os.arch: &amp;apos;amd64&amp;apos;, os.version: &amp;apos;10.0&amp;apos;, java.version: &amp;apos;21&amp;apos;
Driver info: org.openqa.selenium.remote.RemoteWebDriver
Command: [983ec87ec542d65af0c06e0f9fe8b29d, clickElement {id=f.B924D9E159EEB1E1F0CCEEF2AD8762C1.d.5085333429BBE9F61904CCD526939554.e.232}]
Capabilities {acceptInsecureCerts: true, browserName: chrome, browserVersion: 124.0.6367.62, chrome: {chromedriverVersion: 124.0.6367.78 (a087f2dd364d..., userDataDir: C:\Users\AMOL~1.KUM\AppData...}, fedcm:accounts: true, goog:chromeOptions: {debuggerAddress: localhost:52190}, networkConnectionEnabled: false, pageLoadStrategy: normal, platformName: Windows 10, proxy: Proxy(), se:bidiEnabled: false, se:cdp: ws://192.168.1.7:4444/sessi..., se:cdpVersion: 124.0.6367.62, setWindowRect: true, strictFileInteractability: false, timeouts: {implicit: 0, pageLoad: 300000, script: 30000}, unhandledPromptBehavior: dismiss and notify, webauthn:extension:credBlob: true, webauthn:extension:largeBlob: true, webauthn:extension:minPinLength: true, webauthn:extension:prf: true, webauthn:virtualAuthenticators: true}
Element: [[RemoteWebDriver: chrome on Windows 10 (983ec87ec542d65af0c06e0f9fe8b29d)] -&amp;gt; id: place_order]
Session ID: 983ec87ec542d65af0c06e0f9fe8b29d">
      <![CDATA[org.openqa.selenium.ElementClickInterceptedException: element click intercepted: Element <button type="submit" class="button alt" name="woocommerce_checkout_place_order" id="place_order" value="..." data-value="Place order">Place order</button> is not clickable at point (1007, 190). Other element would receive the click: <div class="blockUI blockOverlay" style="z-index: 1000; border: none; margin: 0px; padding: 0px; width: 100%; height: 100%; top: 0px; left: 0px; background: rgb(255, 255, 255); opacity: 0.446586; cursor: default; position: absolute;"></div>
  (Session info: chrome=124.0.6367.62)
Build info: version: '4.7.0', revision: '0a5b49d16f'
System info: os.name: 'Windows 10', os.arch: 'amd64', os.version: '10.0', java.version: '21'
Driver info: org.openqa.selenium.remote.RemoteWebDriver
Command: [983ec87ec542d65af0c06e0f9fe8b29d, clickElement {id=f.B924D9E159EEB1E1F0CCEEF2AD8762C1.d.5085333429BBE9F61904CCD526939554.e.232}]
Capabilities {acceptInsecureCerts: true, browserName: chrome, browserVersion: 124.0.6367.62, chrome: {chromedriverVersion: 124.0.6367.78 (a087f2dd364d..., userDataDir: C:\Users\AMOL~1.KUM\AppData...}, fedcm:accounts: true, goog:chromeOptions: {debuggerAddress: localhost:52190}, networkConnectionEnabled: false, pageLoadStrategy: normal, platformName: Windows 10, proxy: Proxy(), se:bidiEnabled: false, se:cdp: ws://192.168.1.7:4444/sessi..., se:cdpVersion: 124.0.6367.62, setWindowRect: true, strictFileInteractability: false, timeouts: {implicit: 0, pageLoad: 300000, script: 30000}, unhandledPromptBehavior: dismiss and notify, webauthn:extension:credBlob: true, webauthn:extension:largeBlob: true, webauthn:extension:minPinLength: true, webauthn:extension:prf: true, webauthn:virtualAuthenticators: true}
Element: [[RemoteWebDriver: chrome on Windows 10 (983ec87ec542d65af0c06e0f9fe8b29d)] -> id: place_order]
Session ID: 983ec87ec542d65af0c06e0f9fe8b29d
at java.base/jdk.internal.reflect.DirectConstructorHandleAccessor.newInstance(DirectConstructorHandleAccessor.java:62)
at java.base/java.lang.reflect.Constructor.newInstanceWithCaller(Constructor.java:502)
at java.base/java.lang.reflect.Constructor.newInstance(Constructor.java:486)
at org.openqa.selenium.remote.codec.w3c.W3CHttpResponseCodec.createException(W3CHttpResponseCodec.java:200)
at org.openqa.selenium.remote.codec.w3c.W3CHttpResponseCodec.decode(W3CHttpResponseCodec.java:133)
at org.openqa.selenium.remote.codec.w3c.W3CHttpResponseCodec.decode(W3CHttpResponseCodec.java:53)
at org.openqa.selenium.remote.HttpCommandExecutor.execute(HttpCommandExecutor.java:184)
at com.zebrunner.carina.webdriver.listener.EventFiringSeleniumCommandExecutor.execute(EventFiringSeleniumCommandExecutor.java:52)
at org.openqa.selenium.remote.RemoteWebDriver.execute(RemoteWebDriver.java:541)
at org.openqa.selenium.remote.RemoteWebElement.execute(RemoteWebElement.java:257)
at org.openqa.selenium.remote.RemoteWebElement.click(RemoteWebElement.java:78)
at java.base/jdk.internal.reflect.DirectMethodHandleAccessor.invoke(DirectMethodHandleAccessor.java:103)
at java.base/java.lang.reflect.Method.invoke(Method.java:580)
at org.openqa.selenium.support.decorators.WebDriverDecorator.call(WebDriverDecorator.java:247)
at org.openqa.selenium.support.decorators.DefaultDecorated.call(DefaultDecorated.java:48)
at org.openqa.selenium.support.decorators.WebDriverDecorator.lambda$createProxy$0(WebDriverDecorator.java:309)
at net.bytebuddy.renamed.java.lang.Object$ByteBuddy$f3Ll4uRU.click(Unknown Source)
at java.base/jdk.internal.reflect.DirectMethodHandleAccessor.invoke(DirectMethodHandleAccessor.java:103)
at java.base/java.lang.reflect.Method.invoke(Method.java:580)
at org.openqa.selenium.support.pagefactory.internal.LocatingElementHandler.invoke(LocatingElementHandler.java:52)
at jdk.proxy2/jdk.proxy2.$Proxy100.click(Unknown Source)
at com.zebrunner.carina.webdriver.decorator.ExtendedWebElement$3.doClick(ExtendedWebElement.java:1537)
at com.zebrunner.carina.webdriver.decorator.ExtendedWebElement.executeAction(ExtendedWebElement.java:1397)
at com.zebrunner.carina.webdriver.decorator.ExtendedWebElement.overrideAction(ExtendedWebElement.java:1531)
at com.zebrunner.carina.webdriver.decorator.ExtendedWebElement.doAction(ExtendedWebElement.java:1510)
at com.zebrunner.carina.webdriver.decorator.ExtendedWebElement.doAction(ExtendedWebElement.java:1487)
at com.zebrunner.carina.webdriver.decorator.ExtendedWebElement.click(ExtendedWebElement.java:416)
at com.zebrunner.carina.webdriver.decorator.ExtendedWebElement.click(ExtendedWebElement.java:406)
at com.zebrunner.carina.webdriver.decorator.ExtendedWebElement.click(ExtendedWebElement.java:397)
at com.qapropsoft.carina.demo.gui.pages.desktop.CheckoutPage.placeOrder(CheckoutPage.java:106)
at com.qapropsoft.carina.demo.PlaceAnOrderStep.i_place_an_order(PlaceAnOrderStep.java:90)
at ✽.I place an order(file:///C:/Users/amol.kumbhare/Downloads/CarinaFramework19April-main/src/test/resources/features/place_an_order.feature:11)
]]>
    </failure>
  </testcase> <!-- runScenario -->
</testsuite> <!-- Default test -->
